SF:lib/HomePage/HomePage.dart
DA:21,1
DA:22,1
DA:23,2
DA:26,1
DA:27,2
DA:29,1
DA:30,1
DA:40,0
DA:41,0
DA:45,1
DA:47,1
DA:48,1
DA:49,1
DA:51,1
DA:52,1
DA:53,1
DA:54,1
DA:55,0
DA:57,0
DA:58,0
DA:60,0
DA:64,0
DA:69,0
DA:70,0
DA:71,0
DA:74,0
DA:75,0
DA:76,0
DA:78,0
DA:80,0
DA:83,1
DA:88,1
DA:90,1
DA:91,2
DA:92,1
DA:94,1
DA:95,1
DA:96,0
DA:98,0
LF:39
LH:22
end_of_record
SF:lib/Playlist/Playlist_create_frontend.dart
DA:13,0
DA:15,0
DA:16,0
DA:23,0
DA:24,0
DA:27,0
DA:29,0
DA:30,0
DA:31,0
DA:32,0
DA:33,0
DA:34,0
DA:35,0
DA:36,0
DA:37,0
DA:38,0
DA:42,0
DA:43,0
DA:48,0
DA:49,0
DA:50,0
DA:55,0
DA:56,0
DA:57,0
DA:59,0
DA:61,0
LF:26
LH:0
end_of_record
SF:lib/login/login_backend.dart
DA:9,0
DA:11,0
DA:14,0
DA:18,0
DA:19,0
DA:20,0
DA:21,0
DA:22,0
DA:23,0
DA:24,0
DA:28,0
DA:33,0
DA:35,0
DA:38,0
DA:42,0
DA:43,0
DA:44,0
DA:45,0
DA:46,0
DA:47,0
DA:53,0
DA:55,0
DA:56,0
DA:57,0
LF:24
LH:0
end_of_record
SF:lib/login/login_frontend.dart
DA:10,0
DA:12,0
DA:13,0
DA:25,0
DA:26,0
DA:28,0
DA:29,0
DA:30,0
DA:34,0
DA:36,0
DA:37,0
DA:38,0
DA:39,0
DA:40,0
DA:41,0
DA:42,0
DA:43,0
DA:44,0
DA:46,0
DA:47,0
DA:48,0
DA:49,0
DA:52,0
DA:53,0
DA:58,0
DA:59,0
DA:60,0
DA:64,0
DA:65,0
DA:66,0
DA:68,0
DA:71,0
DA:72,0
DA:77,0
DA:78,0
DA:79,0
DA:83,0
DA:84,0
DA:85,0
DA:87,0
DA:88,0
DA:89,0
DA:90,0
DA:92,0
DA:93,0
DA:94,0
DA:97,0
DA:98,0
DA:99,0
DA:101,0
DA:102,0
DA:103,0
LF:52
LH:0
end_of_record
SF:lib/Templates/Templates.dart
DA:5,0
DA:7,0
DA:8,0
DA:9,0
DA:11,0
LF:5
LH:0
end_of_record
SF:lib/main.dart
DA:17,0
DA:19,0
DA:20,0
DA:22,0
DA:28,3
DA:31,1
DA:33,1
DA:35,1
DA:47,1
LF:9
LH:5
end_of_record
SF:lib/firebase_options.dart
DA:18,0
DA:22,0
DA:23,0
DA:25,0
DA:27,0
DA:29,0
DA:30,0
DA:34,0
DA:35,0
DA:40,0
LF:10
LH:0
end_of_record
